<?xml version="1.0" encoding="UTF-8"?>
<!-- Generated by org.testng.reporters.JUnitReportReporter -->
<testsuite hostname="User-PC" failures="0" tests="1" name="SnehalAcadamy.SeleniumTest" time="0.032" errors="0" timestamp="2021-05-09T18:04:44 IST" skipped="0">
  <testcase classname="SnehalAcadamy.SeleniumTest" name="BrowserAUtomation" time="0.032"/>
  <system-out/>
</testsuite> <!-- SnehalAcadamy.SeleniumTest -->
