<?xml version="1.0" encoding="UTF-8"?>
<!-- Generated by org.testng.reporters.JUnitReportReporter -->
<testsuite hostname="User-PC" failures="0" tests="1" name="Framework.validateNavigationBar" time="78.184" errors="0" timestamp="2021-06-13T15:42:12 IST" skipped="0">
  <testcase classname="Framework.validateNavigationBar" name="validateAppNavBar" time="78.184"/>
  <system-out/>
</testsuite> <!-- Framework.validateNavigationBar -->
