<?xml version="1.0" encoding="UTF-8"?>
<!-- Generated by org.testng.reporters.JUnitReportReporter -->
<testsuite hostname="User-PC" failures="0" tests="2" name="Academy.HomePage" time="108.972" errors="0" timestamp="2021-06-04T21:29:33 IST" skipped="0">
  <testcase classname="Academy.HomePage" name="basePageNavigation" time="7.260"/>
  <system-out/>
  <testcase classname="Academy.HomePage" name="basePageNavigation" time="101.712"/>
  <system-out/>
</testsuite> <!-- Academy.HomePage -->
