<?xml version="1.0" encoding="UTF-8"?>
<!-- Generated by org.testng.reporters.JUnitReportReporter -->
<testsuite hostname="User-PC" failures="0" tests="1" name="Academy.validateTitle" time="1.072" errors="0" timestamp="2021-06-04T21:29:33 IST" skipped="0">
  <testcase classname="Academy.validateTitle" name="validateAppTitle" time="1.072"/>
  <system-out/>
</testsuite> <!-- Academy.validateTitle -->
