<?xml version="1.0" encoding="UTF-8"?>
<!-- Generated by org.testng.reporters.JUnitReportReporter -->
<testsuite hostname="User-PC" failures="0" tests="1" name="Academy.validateNavigationBar" time="2.102" errors="0" timestamp="2021-06-04T21:29:33 IST" skipped="0">
  <testcase classname="Academy.validateNavigationBar" name="validateAppNavBar" time="2.102"/>
  <system-out/>
</testsuite> <!-- Academy.validateNavigationBar -->
