<?xml version="1.0" encoding="UTF-8"?>
<!-- Generated by org.testng.reporters.JUnitReportReporter -->
<testsuite hostname="User-PC" failures="0" tests="1" name="Framework.HomePage" time="119.631" errors="0" timestamp="2021-06-13T15:42:12 IST" skipped="0">
  <testcase classname="Framework.HomePage" name="basePageNavigation" time="119.631"/>
  <system-out/>
</testsuite> <!-- Framework.HomePage -->
